[debug] [2018-03-09T15:49:59.456Z] ----------------------------------------------------------------------
[debug] [2018-03-09T15:49:59.460Z] Command:       /usr/local/bin/node /usr/local/bin/firebase serve
[debug] [2018-03-09T15:49:59.460Z] CLI Version:   3.17.5
[debug] [2018-03-09T15:49:59.461Z] Platform:      darwin
[debug] [2018-03-09T15:49:59.461Z] Node Version:  v8.10.0
[debug] [2018-03-09T15:49:59.461Z] Time:          Fri Mar 09 2018 10:49:59 GMT-0500 (EST)
[debug] [2018-03-09T15:49:59.461Z] ----------------------------------------------------------------------
[debug] 
[debug] [2018-03-09T15:49:59.485Z] > command requires scopes: ["email","openid","https://www.googleapis.com/auth/cloudplatformprojects.readonly","https://www.googleapis.com/auth/firebase","https://www.googleapis.com/auth/cloud-platform"]
[debug] [2018-03-09T15:49:59.486Z] > authorizing via signed-in user
[debug] [2018-03-09T15:49:59.488Z] > refreshing access token with scopes: ["email","https://www.googleapis.com/auth/cloud-platform","https://www.googleapis.com/auth/cloudplatformprojects.readonly","https://www.googleapis.com/auth/firebase","openid"]
[debug] [2018-03-09T15:49:59.488Z] >>> HTTP REQUEST POST https://www.googleapis.com/oauth2/v3/token  
 { refresh_token: '1/Md3MmccJ4zqBZMBHhA2m60vDBd4cPdkk8B0z0A4fI-Y',
  client_id: '563584335869-fgrhgmd47bqnekij5i8b5pr03ho849e6.apps.googleusercontent.com',
  client_secret: 'j9iVZfS8kkCEFUPaAeJV0sAi',
  grant_type: 'refresh_token',
  scope: 'email https://www.googleapis.com/auth/cloud-platform https://www.googleapis.com/auth/cloudplatformprojects.readonly https://www.googleapis.com/auth/firebase openid' } 
 Fri Mar 09 2018 10:49:59 GMT-0500 (EST)
[debug] [2018-03-09T15:49:59.692Z] <<< HTTP RESPONSE 200
[debug] [2018-03-09T15:49:59.710Z] >>> HTTP REQUEST GET https://admin.firebase.com/v1/projects/velauctor  
  
 Fri Mar 09 2018 10:49:59 GMT-0500 (EST)
[debug] [2018-03-09T15:50:00.684Z] <<< HTTP RESPONSE 200
[debug] [2018-03-09T15:50:00.685Z] >>> HTTP REQUEST GET https://admin.firebase.com/v1/database/velauctor/tokens  
  
 Fri Mar 09 2018 10:50:00 GMT-0500 (EST)
[debug] [2018-03-09T15:50:01.101Z] <<< HTTP RESPONSE 200
[debug] [2018-03-09T15:50:01.103Z] >>> HTTP REQUEST GET https://cloudresourcemanager.googleapis.com/v1/projects/velauctor  
  
 Fri Mar 09 2018 10:50:01 GMT-0500 (EST)
[debug] [2018-03-09T15:50:01.452Z] <<< HTTP RESPONSE 200
[info] 
[info] === Serving from '/Users/kboot/Desktop/velauctor.github.io'...
[info] 
[debug] [2018-03-09T15:50:01.456Z] >>> HTTP REQUEST GET https://mobilesdk-pa.googleapis.com/v1/projects/447946965211/clients/_:getWebAppConfig  
  
 Fri Mar 09 2018 10:50:01 GMT-0500 (EST)
[debug] [2018-03-09T15:50:02.342Z] <<< HTTP RESPONSE 200
[warn] ⚠  hosting: Port 5000 is not available. Trying another port...
[debug] [2018-03-09T15:50:02.380Z] >>> HTTP REQUEST GET https://mobilesdk-pa.googleapis.com/v1/projects/447946965211/clients/_:getWebAppConfig  
  
 Fri Mar 09 2018 10:50:02 GMT-0500 (EST)
[debug] [2018-03-09T15:50:02.617Z] <<< HTTP RESPONSE 200
[warn] ⚠  hosting: Port 5004 is not available. Trying another port...
[debug] [2018-03-09T15:50:02.622Z] >>> HTTP REQUEST GET https://mobilesdk-pa.googleapis.com/v1/projects/447946965211/clients/_:getWebAppConfig  
  
 Fri Mar 09 2018 10:50:02 GMT-0500 (EST)
[debug] [2018-03-09T15:50:03.095Z] <<< HTTP RESPONSE 200
[info] i  hosting: Serving hosting files from: public
[info] ✔  hosting: Local server: http://localhost:5008

